<?xml version="1.0" encoding="UTF-8"?>
<!-- Generated by org.testng.reporters.JUnitReportReporter -->
<testsuite hostname="DESKTOP-NBFTJGA" failures="0" tests="1" name="testCases.TC1_AccRegisterTest" time="21.614" errors="0" timestamp="2024-10-21T20:55:15 IST" skipped="0">
  <testcase classname="testCases.TC1_AccRegisterTest" name="TC1_AccRegisterTest" time="21.614"/>
</testsuite> <!-- testCases.TC1_AccRegisterTest -->
