<?xml version="1.0" encoding="UTF-8"?>
<!-- Generated by org.testng.reporters.JUnitReportReporter -->
<testsuite hostname="DESKTOP-NBFTJGA" failures="0" tests="1" name="testCases.TC2_LoginTest" time="3.350" errors="0" timestamp="2024-10-21T20:55:15 IST" skipped="0">
  <testcase classname="testCases.TC2_LoginTest" name="Verify_login" time="3.350"/>
</testsuite> <!-- testCases.TC2_LoginTest -->
